<?xml version="1.0" encoding="UTF-8"?>
<testng-results ignored="0" total="1" passed="1" failed="0" skipped="0">
  <reporter-output>
  </reporter-output>
  <suite started-at="2023-02-10T14:48:31 IST" name="Default suite" finished-at="2023-02-10T14:48:46 IST" duration-ms="14744">
    <groups>
    </groups>
    <test started-at="2023-02-10T14:48:31 IST" name="Default test" finished-at="2023-02-10T14:48:46 IST" duration-ms="14744">
      <class name="limeroad.LimeRoad_Test">
        <test-method is-config="true" signature="setup()[pri:0, instance:limeroad.LimeRoad_Test@2145b572]" started-at="2023-02-10T14:48:31 IST" name="setup" finished-at="2023-02-10T14:48:38 IST" duration-ms="6417" status="PASS">
          <reporter-output>
          </reporter-output>
        </test-method> <!-- setup -->
        <test-method signature="Lime_script()[pri:0, instance:limeroad.LimeRoad_Test@2145b572]" started-at="2023-02-10T14:48:38 IST" name="Lime_script" finished-at="2023-02-10T14:48:46 IST" duration-ms="7926" status="PASS">
          <reporter-output>
          </reporter-output>
        </test-method> <!-- Lime_script -->
        <test-method is-config="true" signature="teardown()[pri:0, instance:limeroad.LimeRoad_Test@2145b572]" started-at="2023-02-10T14:48:46 IST" name="teardown" finished-at="2023-02-10T14:48:46 IST" duration-ms="336" status="PASS">
          <reporter-output>
          </reporter-output>
        </test-method> <!-- teardown -->
      </class> <!-- limeroad.LimeRoad_Test -->
    </test> <!-- Default test -->
  </suite> <!-- Default suite -->
</testng-results>
